<?xml version="1.0" encoding="UTF-8"?>
<testsuite xmlns:xsi="http://www.w3.org/2001/XMLSchema-instance" xsi:noNamespaceSchemaLocation="https://maven.apache.org/surefire/maven-surefire-plugin/xsd/surefire-test-report.xsd" name="com.xiaohe.testcase.integrationtest.AddToCartTest" time="10.1" tests="1" errors="0" skipped="0" failures="0">
  <properties>
    <property name="java.specification.version" value="17"/>
    <property name="sun.cpu.isalist" value="amd64"/>
    <property name="sun.jnu.encoding" value="GBK"/>
    <property name="java.class.path" value="D:\developer\developer_tools\apache-maven-3.9.9-bin\apache-maven-3.9.9\boot\plexus-classworlds-2.8.0.jar"/>
    <property name="java.vm.vendor" value="Oracle Corporation"/>
    <property name="sun.arch.data.model" value="64"/>
    <property name="user.variant" value=""/>
    <property name="java.vendor.url" value="https://java.oracle.com/"/>
    <property name="user.timezone" value="Asia/Shanghai"/>
    <property name="maven.conf" value="D:\developer\developer_tools\apache-maven-3.9.9-bin\apache-maven-3.9.9/conf"/>
    <property name="java.vm.specification.version" value="17"/>
    <property name="os.name" value="Windows 11"/>
    <property name="sun.java.launcher" value="SUN_STANDARD"/>
    <property name="user.country" value="CN"/>
    <property name="sun.boot.library.path" value="C:\Program Files\Java\jdk-17\bin"/>
    <property name="sun.java.command" value="org.codehaus.plexus.classworlds.launcher.Launcher clean test"/>
    <property name="jdk.debug" value="release"/>
    <property name="maven.home" value="D:\developer\developer_tools\apache-maven-3.9.9-bin\apache-maven-3.9.9"/>
    <property name="sun.cpu.endian" value="little"/>
    <property name="user.home" value="C:\Users\何劲锋"/>
    <property name="user.language" value="zh"/>
    <property name="java.specification.vendor" value="Oracle Corporation"/>
    <property name="java.version.date" value="2024-07-16"/>
    <property name="java.home" value="C:\Program Files\Java\jdk-17"/>
    <property name="file.separator" value="\"/>
    <property name="java.vm.compressedOopsMode" value="Zero based"/>
    <property name="line.separator" value="&#10;"/>
    <property name="java.vm.specification.vendor" value="Oracle Corporation"/>
    <property name="java.specification.name" value="Java Platform API Specification"/>
    <property name="user.script" value=""/>
    <property name="sun.management.compiler" value="HotSpot 64-Bit Tiered Compilers"/>
    <property name="java.runtime.version" value="17.0.12+8-LTS-286"/>
    <property name="user.name" value="何劲锋"/>
    <property name="path.separator" value=";"/>
    <property name="os.version" value="10.0"/>
    <property name="java.runtime.name" value="Java(TM) SE Runtime Environment"/>
    <property name="file.encoding" value="GBK"/>
    <property name="guice.disable.misplaced.annotation.check" value="true"/>
    <property name="java.vm.name" value="Java HotSpot(TM) 64-Bit Server VM"/>
    <property name="java.vendor.url.bug" value="https://bugreport.java.com/bugreport/"/>
    <property name="java.io.tmpdir" value="C:\Users\何劲锋\AppData\Local\Temp\"/>
    <property name="java.version" value="17.0.12"/>
    <property name="user.dir" value="D:\workspace\Idea-workspace\xiaohe\MyUiTest"/>
    <property name="os.arch" value="amd64"/>
    <property name="maven.multiModuleProjectDirectory" value="D:\workspace\Idea-workspace\xiaohe\MyUiTest"/>
    <property name="java.vm.specification.name" value="Java Virtual Machine Specification"/>
    <property name="sun.os.patch.level" value=""/>
    <property name="native.encoding" value="GBK"/>
    <property name="java.library.path" value="C:\Program Files\Java\jdk-17\bin;C:\WINDOWS\Sun\Java\bin;C:\WINDOWS\system32;C:\WINDOWS;C:\Program Files\Common Files\Oracle\Java\javapath;C:\Program Files (x86)\HP\NV\lib\shunra\vcat;C:\Windows\system32;C:\Windows;C:\Windows\System32\Wbem;C:\Windows\System32\WindowsPowerShell\v1.0\;C:\Windows\System32\OpenSSH\;C:\Program Files (x86)\NVIDIA Corporation\PhysX\Common;C:\Program Files\NVIDIA Corporation\NVIDIA NvDLISR;C:\Program Files (x86)\;C:\Program Files (x86)\HP\NV\lib\thirdparty\safenet\LDK\7.0;C:\WINDOWS;C:\WINDOWS\system32;C:\WINDOWS\System32\Wbem;C:\WINDOWS\System32\OpenSSH\;C:\WINDOWS\System32\WindowsPowerShell\v1.0\;C:\Users\何劲锋\.cache\selenium\chromedriver\win64\118.0.5993.70;.;C:\Program Files\Java\jre1.8.0_421\bin;C:\Program Files\Java\jre1.8.0_421\jre\bin;D:\developer\developer_tools\Python310;D:\developer\developer_tools\Python310\Scripts;D:\Jmeter\apache-jmeter-5.5\apache-jmeter-5.5\bin;D:\ant\apache-ant-1.10.12-bin\apache-ant-1.10.12\bin;D:\allure-commandline-2.13.7\allure-2.13.7\bin;D:\XShell\;D:\XShell\xshell\;D:\Git\Git\cmd;D:\developer\developer_tools\nodejs\node.exe;D:\WeiXinDeveloperTool\微信web开发者工具\dll;D:\App_tools\AppTools\platform-tools;D:\MySQL\mysql-8.2.0-winx64\bin;D:\developer\developer_tools\nodejs\;D:\VSCode\Study\Vue\day03\practice-a\node_modules\yarn\bin;D:\developer\developer_tools\apache-maven-3.9.9-bin\apache-maven-3.9.9\bin;D:\VMware\bin\;D:\Chrome\chromedriver-win64;D:\developer\developer_tools\Python310\Scripts;D:\developer\developer_tools\Python310;D:\developer\developer_tools\Python\python-3.9.6-amd64\Scripts\;D:\developer\developer_tools\Python\python-3.9.6-amd64\;C:\Users\何劲锋\AppData\Local\Microsoft\WindowsApps;C:\Program Files\Android\Android Studio\jbr\bin;D:\developer\developer_tools\Python\pycharm-professional-2022.2.3\PyCharm 2022.2.3\bin;D:\allure-commandline-2.13.7\allure-2.13.7\bin;C:\Users\何劲锋\AppData\Local\Programs\Fiddler;D:\VSCode\Microsoft VS Code\bin;C:\Users\何劲锋\AppData\Roaming\npm;;."/>
    <property name="java.vm.info" value="mixed mode, sharing"/>
    <property name="java.vendor" value="Oracle Corporation"/>
    <property name="java.vm.version" value="17.0.12+8-LTS-286"/>
    <property name="classworlds.conf" value="D:\developer\developer_tools\apache-maven-3.9.9-bin\apache-maven-3.9.9\bin\m2.conf"/>
    <property name="sun.io.unicode.encoding" value="UnicodeLittle"/>
    <property name="library.jansi.path" value="D:\developer\developer_tools\apache-maven-3.9.9-bin\apache-maven-3.9.9\lib\jansi-native"/>
    <property name="java.class.version" value="61.0"/>
  </properties>
  <testcase name="shopping" classname="com.xiaohe.testcase.integrationtest.AddToCartTest" time="7.369"/>
</testsuite>