<?xml version="1.0" encoding="UTF-8"?>
<!-- Generated by org.testng.reporters.JUnitReportReporter -->
<testsuite ignored="0" hostname="xiaohe0128" failures="0" tests="1" name="com.xiaohe.testcase.integrationtest.AddToCartTest" time="7.327" errors="0" timestamp="29 9æœˆ 2024 23:13:29 GMT" skipped="0">
  <testcase classname="com.xiaohe.testcase.integrationtest.AddToCartTest" name="shopping" time="7.327"/>
</testsuite> <!-- com.xiaohe.testcase.integrationtest.AddToCartTest -->
