<?xml version="1.0" encoding="UTF-8"?>
<!-- Generated by org.testng.reporters.JUnitReportReporter -->
<testsuite ignored="0" hostname="xiaohe0128" failures="0" tests="1" name="com.xiaohe.testcase.integrationtest.AddToCartTest" time="6.609" errors="0" timestamp="30 9æœˆ 2024 02:12:08 GMT" skipped="0">
  <testcase classname="com.xiaohe.testcase.integrationtest.AddToCartTest" name="shopping" time="6.609"/>
</testsuite> <!-- com.xiaohe.testcase.integrationtest.AddToCartTest -->
